Removed Pin From Net: NetName=Net*_1 Pin=*-1
Removed Pin From Net: NetName=Net*?_2 Pin=*?-2
Change Component Designator: OldDesignator=* NewDesignator=J1
Change Component Designator: OldDesignator=* NewDesignator=J2
Change Component Designator: OldDesignator=*? NewDesignator=J3
Change Component Designator: OldDesignator=*? NewDesignator=J4
Change Component Designator: OldDesignator=*? NewDesignator=J5
Change Component Designator: OldDesignator=*? NewDesignator=J6
Added Pin To Net: NetName=Net*?_2 Pin=J1-1
Added Pin To Net: NetName=Net*_1 Pin=J3-2
Added Pin To Net: NetName=Net*_1 Pin=J4-1
Change Net Name : Old Net Name=Net*?_1 New Net Name=NetJ5_2
Change Net Name : Old Net Name=Net*?_2 New Net Name=NetJ1_1
Change Net Name : Old Net Name=Net*_1 New Net Name=NetJ3_2
Change Net Name : Old Net Name=Net*_2 New Net Name=NetJ2_2
Added Pin To Net: NetName=NetJ1_2 Pin=J1-2
Added Pin To Net: NetName=NetJ1_2 Pin=J2-1
Added Net: Name=NetJ1_2
Added Pin To Net: NetName=NetJ4_2 Pin=J4-2
Added Pin To Net: NetName=NetJ4_2 Pin=J5-1
Added Net: Name=NetJ4_2
Added Pin To Net: NetName=NetJ6_2 Pin=J6-2
Added Net: Name=NetJ6_2
Added Member To Class: ClassName=PDU_PCB Sch Member=Component J1 560020-0220
Added Member To Class: ClassName=PDU_PCB Sch Member=Component J4 560020-0220
Added Member To Class: ClassName=PDU_PCB Sch Member=Component J5 560020-0220
Added Member To Class: ClassName=PDU_PCB Sch Member=Component J6 560020-0220
Added Room: Name=PDU_PCB Sch
